C51 COMPILER V7.06   KEY1                                                                  06/19/2021 00:24:58 PAGE 1   


C51 COMPILER V7.06, COMPILATION OF MODULE KEY1
OBJECT MODULE PLACED IN .\key1.obj
COMPILER INVOKED BY: C:\Keil\C51\BIN\C51.EXE ..\key\key1.c BROWSE DEBUG OBJECTEXTEND PRINT(.\key1.lst) OBJECT(.\key1.obj
                    -)

stmt level    source

   1          //
   2          // Created by clare on 2021/6/18.
   3          //
   4          
   5          #include <reg52.h>
   6          
   7          sbit LED = P0^1;
   8          sbit KEY_BORD=P1^1;
   9          
  10          int main() {
  11   1          while (1) {
  12   2      
  13   2              if (KEY_BORD == 0) {
  14   3                  int i;
  15   3                  for (i = 0; i < 5000; ++i) {
  16   4      
  17   4                  }
  18   3                  if (KEY_BORD != 0){
  19   4                      while (KEY_BORD == 0){
  20   5      
  21   5                      }
  22   4                      LED = !KEY_BORD;
  23   4                  }
  24   3              }
  25   2      
  26   2              LED=KEY_BORD;
  27   2          }
  28   1          return 0;
  29   1      }


MODULE INFORMATION:   STATIC OVERLAYABLE
   CODE SIZE        =     41    ----
   CONSTANT SIZE    =   ----    ----
   XDATA SIZE       =   ----    ----
   PDATA SIZE       =   ----    ----
   DATA SIZE        =   ----       2
   IDATA SIZE       =   ----    ----
   BIT SIZE         =   ----    ----
END OF MODULE INFORMATION.


C51 COMPILATION COMPLETE.  0 WARNING(S),  0 ERROR(S)
